{"author":{"id":"14d3fef82c5ca3db9cc8f59512bb4bd624da15f67f263e8e8d7704ff29561497"},"ops":[{"type":3,"timestamp":1612474927,"metadata":{"github-id":"MDEyOklzc3VlQ29tbWVudDc3MzYyMjE3Mg==","github-url":"https://github.com/MichaelMure/git-bug/issues/552#issuecomment-773622172"},"nonce":"G6q9D9P0ytTn6JMrRvGQ6RYyhDc=","message":"Yes, @MichaelMure .","files":null},{"type":2,"timestamp":1612989211,"metadata":{"github-id":"MDE3OlJlbmFtZWRUaXRsZUV2ZW50NDMxNjg0Mzg4Mw=="},"nonce":"8hr5ZWb4rDI0fpPYtH+LUG2iYZ8=","title":"WebUI - update npm dependencies","was":"WebUI - update npm dependencies"},{"type":3,"timestamp":1613078279,"metadata":{"github-id":"MDEyOklzc3VlQ29tbWVudDc3Nzc5NzcxOQ==","github-url":"https://github.com/MichaelMure/git-bug/issues/552#issuecomment-777797719"},"nonce":"xwik9WZ9T3x+9aThTJF/XmhuwKw=","message":"Pull requests #517 and #536 were merged.\nI will test #520 asap.","files":null},{"type":5,"timestamp":1613773457,"metadata":{"github-id":"MDEyOkxhYmVsZWRFdmVudDQzNTQzMzg5MTE="},"nonce":"znRAk00YqScfPRMFhWP3LaHvFWk=","added":["WebUI"],"removed":[]},{"type":3,"timestamp":1614469518,"metadata":{"github-id":"MDEyOklzc3VlQ29tbWVudDc4NzIwNTExNg==","github-url":"https://github.com/MichaelMure/git-bug/issues/552#issuecomment-787205116"},"nonce":"LfaYpxyS2wqBAF1uLdTozl7E01U=","message":"I merged PR #520 to current master locally and tested all webui features. I had no conflicts nor feature problems.\nHowever, github checks indicate that this PR break some tests for  build (1.13.x, macos-latest) that are not related to webui as show below.\n\nCan I approve this PR?\n\n--------------------------------------------------------------------------------------------------------------------\n\n=== RUN   TestPushPull\nBuilding identity cache... Done.\nBuilding bug cache... Done.\ncreated repository git-bug-test-github-exporter-uxseSVSu\ndeleted repository: git-bug-test-github-exporter-uxseSVSu\n--- FAIL: TestPushPull (2.76s)\n    export_test.go:206: \n        \tError Trace:\texport_test.go:206\n        \tError:      \tReceived unexpected error:\n        \t            \twas submitted too quickly\n        \t            \texporting github issue\n        \t            \tgithub.com/MichaelMure/git-bug/bridge/github.(*githubExporter).exportBug\n        \t            \t\t/Users/runner/work/git-bug/git-bug/bridge/github/export.go:255\n        \t            \tgithub.com/MichaelMure/git-bug/bridge/github.(*githubExporter).ExportAll.func1\n        \t            \t\t/Users/runner/work/git-bug/git-bug/bridge/github/export.go:183\n        \t            \truntime.goexit\n        \t            \t\t/Users/runner/hostedtoolcache/go/1.13.15/x64/src/runtime/asm_amd64.s:1357\n        \tTest:       \tTestPushPull\n\n----------------------------------------------------------------------------------------------------------------\n\n=== RUN   TestPersistedClock\n--- PASS: TestPersistedClock (0.00s)\nPASS\nok  \tgithub.com/MichaelMure/git-bug/util/lamport\t0.093s\n?   \tgithub.com/MichaelMure/git-bug/util/process\t[no test files]\n?   \tgithub.com/MichaelMure/git-bug/util/text\t[no test files]\n?   \tgithub.com/MichaelMure/git-bug/util/timestamp\t[no test files]\n?   \tgithub.com/MichaelMure/git-bug/webui\t[no test files]","files":null},{"type":6,"timestamp":1614469555,"metadata":{"github-id":"MDE1OlVzZXJDb250ZW50RWRpdElzc3VlQ29tbWVudEVkaXQ6NDM4NTU3MzY4"},"nonce":"NxIVAD1vxI+hGz71RK3MvnMGhSM=","target":"94f418c2b3c72544fe4b85d7b056c4301e50d9fccaff0117b8ffb3376940b8ca","message":"I merged PR #520 to current master locally and tested all webui features. I had no conflicts neither feature problems.\nHowever, github checks indicate that this PR break some tests for  build (1.13.x, macos-latest) that are not related to webui as show below.\n\nCan I approve this PR?\n\n--------------------------------------------------------------------------------------------------------------------\n\n=== RUN   TestPushPull\nBuilding identity cache... Done.\nBuilding bug cache... Done.\ncreated repository git-bug-test-github-exporter-uxseSVSu\ndeleted repository: git-bug-test-github-exporter-uxseSVSu\n--- FAIL: TestPushPull (2.76s)\n    export_test.go:206: \n        \tError Trace:\texport_test.go:206\n        \tError:      \tReceived unexpected error:\n        \t            \twas submitted too quickly\n        \t            \texporting github issue\n        \t            \tgithub.com/MichaelMure/git-bug/bridge/github.(*githubExporter).exportBug\n        \t            \t\t/Users/runner/work/git-bug/git-bug/bridge/github/export.go:255\n        \t            \tgithub.com/MichaelMure/git-bug/bridge/github.(*githubExporter).ExportAll.func1\n        \t            \t\t/Users/runner/work/git-bug/git-bug/bridge/github/export.go:183\n        \t            \truntime.goexit\n        \t            \t\t/Users/runner/hostedtoolcache/go/1.13.15/x64/src/runtime/asm_amd64.s:1357\n        \tTest:       \tTestPushPull\n\n----------------------------------------------------------------------------------------------------------------\n\n=== RUN   TestPersistedClock\n--- PASS: TestPersistedClock (0.00s)\nPASS\nok  \tgithub.com/MichaelMure/git-bug/util/lamport\t0.093s\n?   \tgithub.com/MichaelMure/git-bug/util/process\t[no test files]\n?   \tgithub.com/MichaelMure/git-bug/util/text\t[no test files]\n?   \tgithub.com/MichaelMure/git-bug/util/timestamp\t[no test files]\n?   \tgithub.com/MichaelMure/git-bug/webui\t[no test files]","files":null}]}